<?xml version="1.0" encoding="UTF-8"?>
<!-- Generated by org.testng.reporters.JUnitReportReporter -->
<testsuite name="Runner.Runner" tests="1" time="7.390" ignored="0" failures="0" timestamp="12 Oct 2020 17:34:48 GMT" skipped="0" hostname="DESKTOP-NFSQ4FH" errors="0">
  <testcase name="Search" time="7.390" classname="Runner.Runner"/>
</testsuite> <!-- Runner.Runner -->
