<?xml version="1.0" encoding="UTF-8"?>
<!-- Generated by org.testng.reporters.JUnitReportReporter -->
<testsuite skipped="0" hostname="DESKTOP-NFSQ4FH" name="Runner.Runner" tests="2" failures="0" timestamp="2020-10-14T01:12:16 IST" time="27.693" errors="0">
  <testcase name="searchLaptop" time="15.340" classname="Runner.Runner"/>
  <system-out/>
  <testcase name="searchIpad" time="12.353" classname="Runner.Runner"/>
  <system-out/>
</testsuite> <!-- Runner.Runner -->
