<?xml version="1.0" encoding="UTF-8"?>
<!-- Generated by org.testng.reporters.JUnitReportReporter -->
<testsuite name="Runner.Runner" tests="1" time="16.180" ignored="0" failures="0" timestamp="10 Oct 2020 18:39:12 GMT" skipped="0" hostname="DESKTOP-NFSQ4FH" errors="0">
  <testcase name="Search" time="16.180" classname="Runner.Runner"/>
</testsuite> <!-- Runner.Runner -->
