<?xml version="1.0" encoding="UTF-8"?>
<!-- Generated by org.testng.reporters.JUnitReportReporter -->
<testsuite name="Runner.ParallelTest2" tests="3" time="0.050" ignored="0" failures="0" timestamp="12 Oct 2020 17:42:25 GMT" skipped="0" hostname="DESKTOP-NFSQ4FH" errors="0">
  <testcase name="test4" time="0.019" classname="Runner.ParallelTest2"/>
  <testcase name="test5" time="0.027" classname="Runner.ParallelTest2"/>
  <testcase name="test6" time="0.004" classname="Runner.ParallelTest2"/>
</testsuite> <!-- Runner.ParallelTest2 -->
