<?xml version="1.0" encoding="UTF-8"?>
<!-- Generated by org.testng.reporters.JUnitReportReporter -->
<testsuite name="Runner.ParallelTest2" tests="3" time="10.412" ignored="0" failures="0" timestamp="12 Oct 2020 20:10:24 GMT" skipped="0" hostname="DESKTOP-NFSQ4FH" errors="0">
  <testcase name="test5" time="3.900" classname="Runner.ParallelTest2"/>
  <testcase name="test6" time="2.891" classname="Runner.ParallelTest2"/>
  <testcase name="test4" time="3.621" classname="Runner.ParallelTest2"/>
</testsuite> <!-- Runner.ParallelTest2 -->
