<?xml version="1.0" encoding="UTF-8"?>
<!-- Generated by org.testng.reporters.JUnitReportReporter -->
<testsuite name="Runner.ParallelTest" tests="3" time="0.031" ignored="0" failures="0" timestamp="12 Oct 2020 17:42:25 GMT" skipped="0" hostname="DESKTOP-NFSQ4FH" errors="0">
  <testcase name="test2" time="0.003" classname="Runner.ParallelTest"/>
  <testcase name="test3" time="0.008" classname="Runner.ParallelTest"/>
  <testcase name="test1" time="0.020" classname="Runner.ParallelTest"/>
</testsuite> <!-- Runner.ParallelTest -->
