<?xml version="1.0" encoding="UTF-8"?>
<!-- Generated by org.testng.reporters.JUnitReportReporter -->
<testsuite skipped="0" hostname="DESKTOP-NFSQ4FH" name="Runner.Runner" tests="1" failures="0" timestamp="2021-01-17T21:38:45 IST" time="19.677" errors="0">
  <testcase name="searchIpad" time="19.677" classname="Runner.Runner"/>
  <system-out/>
</testsuite> <!-- Runner.Runner -->
