<?xml version="1.0" encoding="UTF-8"?>
<!-- Generated by org.testng.reporters.JUnitReportReporter -->
<testsuite name="Runner.Runner2" tests="1" time="8.422" ignored="0" failures="0" timestamp="12 Oct 2020 16:14:47 GMT" skipped="0" hostname="DESKTOP-NFSQ4FH" errors="0">
  <testcase name="Search" time="8.422" classname="Runner.Runner2"/>
</testsuite> <!-- Runner.Runner2 -->
