<?xml version="1.0" encoding="UTF-8"?>
<!-- Generated by org.testng.reporters.JUnitReportReporter -->
<testsuite name="Runner.Runner" tests="1" time="10.153" ignored="0" failures="0" timestamp="11 Oct 2020 16:41:14 GMT" skipped="0" hostname="DESKTOP-NFSQ4FH" errors="0">
  <testcase name="Search" time="10.153" classname="Runner.Runner"/>
</testsuite> <!-- Runner.Runner -->
